C:\USERS\AT11原田優人\DOCUMENTS\GIT\みそてん\GAMEPROGRAM\DEBUG\GAMEPROGRAM.EXE
C:\USERS\AT11原田優人\DOCUMENTS\GIT\みそてん\GAMEPROGRAM\DEBUG\GAMEPROGRAM.ILK
C:\USERS\AT11原田優人\DOCUMENTS\GIT\みそてん\GAMEPROGRAM\DEBUG\GAMEPROGRAM.PDB
C:\USERS\AT11原田優人\DOCUMENTS\GIT\みそてん\GAMEPROGRAM\GAMEPROGRAM\DEBUG\CAMERA.OBJ
C:\Users\AT11原田優人\Documents\Git\みそてん\gameProgram\gameProgram\Debug\cl.command.1.tlog
C:\Users\AT11原田優人\Documents\Git\みそてん\gameProgram\gameProgram\Debug\CL.read.1.tlog
C:\Users\AT11原田優人\Documents\Git\みそてん\gameProgram\gameProgram\Debug\CL.write.1.tlog
C:\USERS\AT11原田優人\DOCUMENTS\GIT\みそてん\GAMEPROGRAM\GAMEPROGRAM\DEBUG\COMMANDMANAGER.OBJ
C:\USERS\AT11原田優人\DOCUMENTS\GIT\みそてん\GAMEPROGRAM\GAMEPROGRAM\DEBUG\COMMANDTEAM.OBJ
C:\USERS\AT11原田優人\DOCUMENTS\GIT\みそてん\GAMEPROGRAM\GAMEPROGRAM\DEBUG\DEBUGPROC.OBJ
C:\USERS\AT11原田優人\DOCUMENTS\GIT\みそてん\GAMEPROGRAM\GAMEPROGRAM\DEBUG\DEMO.OBJ
C:\USERS\AT11原田優人\DOCUMENTS\GIT\みそてん\GAMEPROGRAM\GAMEPROGRAM\DEBUG\DEMOIMPORT.OBJ
C:\USERS\AT11原田優人\DOCUMENTS\GIT\みそてん\GAMEPROGRAM\GAMEPROGRAM\DEBUG\DRAWLIST.OBJ
C:\USERS\AT11原田優人\DOCUMENTS\GIT\みそてん\GAMEPROGRAM\GAMEPROGRAM\DEBUG\DRAWLISTMANAGER.OBJ
C:\USERS\AT11原田優人\DOCUMENTS\GIT\みそてん\GAMEPROGRAM\GAMEPROGRAM\DEBUG\EFFECTMANAGER.OBJ
C:\USERS\AT11原田優人\DOCUMENTS\GIT\みそてん\GAMEPROGRAM\GAMEPROGRAM\DEBUG\FBXMODEL.OBJ
C:\USERS\AT11原田優人\DOCUMENTS\GIT\みそてん\GAMEPROGRAM\GAMEPROGRAM\DEBUG\GAME.OBJ
C:\USERS\AT11原田優人\DOCUMENTS\GIT\みそてん\GAMEPROGRAM\GAMEPROGRAM\DEBUG\GAMEIMPORT.OBJ
C:\USERS\AT11原田優人\DOCUMENTS\GIT\みそてん\GAMEPROGRAM\GAMEPROGRAM\DEBUG\GAMEPROGRAM.EXE.EMBED.MANIFEST
C:\USERS\AT11原田優人\DOCUMENTS\GIT\みそてん\GAMEPROGRAM\GAMEPROGRAM\DEBUG\GAMEPROGRAM.EXE.EMBED.MANIFEST.RES
C:\USERS\AT11原田優人\DOCUMENTS\GIT\みそてん\GAMEPROGRAM\GAMEPROGRAM\DEBUG\GAMEPROGRAM.EXE.INTERMEDIATE.MANIFEST
C:\Users\AT11原田優人\Documents\Git\みそてん\gameProgram\gameProgram\Debug\gameProgram.vcxprojResolveAssemblyReference.cache
C:\Users\AT11原田優人\Documents\Git\みそてん\gameProgram\gameProgram\Debug\gameProgram.write.1.tlog
C:\Users\AT11原田優人\Documents\Git\みそてん\gameProgram\gameProgram\Debug\gameProgram_manifest.rc
C:\USERS\AT11原田優人\DOCUMENTS\GIT\みそてん\GAMEPROGRAM\GAMEPROGRAM\DEBUG\IMPORT.OBJ
C:\USERS\AT11原田優人\DOCUMENTS\GIT\みそてん\GAMEPROGRAM\GAMEPROGRAM\DEBUG\INSTANCINGBILLBOARD.OBJ
C:\USERS\AT11原田優人\DOCUMENTS\GIT\みそてん\GAMEPROGRAM\GAMEPROGRAM\DEBUG\KEYBOARD.OBJ
C:\Users\AT11原田優人\Documents\Git\みそてん\gameProgram\gameProgram\Debug\link.3228.read.1.tlog
C:\Users\AT11原田優人\Documents\Git\みそてん\gameProgram\gameProgram\Debug\link.3228.write.1.tlog
C:\Users\AT11原田優人\Documents\Git\みそてん\gameProgram\gameProgram\Debug\link.3228-cvtres.read.1.tlog
C:\Users\AT11原田優人\Documents\Git\みそてん\gameProgram\gameProgram\Debug\link.3228-cvtres.write.1.tlog
C:\Users\AT11原田優人\Documents\Git\みそてん\gameProgram\gameProgram\Debug\link.6884.read.1.tlog
C:\Users\AT11原田優人\Documents\Git\みそてん\gameProgram\gameProgram\Debug\link.6884.write.1.tlog
C:\Users\AT11原田優人\Documents\Git\みそてん\gameProgram\gameProgram\Debug\link.6884-cvtres.read.1.tlog
C:\Users\AT11原田優人\Documents\Git\みそてん\gameProgram\gameProgram\Debug\link.6884-cvtres.write.1.tlog
C:\Users\AT11原田優人\Documents\Git\みそてん\gameProgram\gameProgram\Debug\link.9504.read.1.tlog
C:\Users\AT11原田優人\Documents\Git\みそてん\gameProgram\gameProgram\Debug\link.9504.write.1.tlog
C:\Users\AT11原田優人\Documents\Git\みそてん\gameProgram\gameProgram\Debug\link.9504-cvtres.read.1.tlog
C:\Users\AT11原田優人\Documents\Git\みそてん\gameProgram\gameProgram\Debug\link.9504-cvtres.write.1.tlog
C:\Users\AT11原田優人\Documents\Git\みそてん\gameProgram\gameProgram\Debug\link.9764.read.1.tlog
C:\Users\AT11原田優人\Documents\Git\みそてん\gameProgram\gameProgram\Debug\link.9764.write.1.tlog
C:\Users\AT11原田優人\Documents\Git\みそてん\gameProgram\gameProgram\Debug\link.9764-cvtres.read.1.tlog
C:\Users\AT11原田優人\Documents\Git\みそてん\gameProgram\gameProgram\Debug\link.9764-cvtres.write.1.tlog
C:\Users\AT11原田優人\Documents\Git\みそてん\gameProgram\gameProgram\Debug\link.command.1.tlog
C:\Users\AT11原田優人\Documents\Git\みそてん\gameProgram\gameProgram\Debug\link.read.1.tlog
C:\Users\AT11原田優人\Documents\Git\みそてん\gameProgram\gameProgram\Debug\link.write.1.tlog
C:\Users\AT11原田優人\Documents\Git\みそてん\gameProgram\gameProgram\Debug\link-cvtres.read.1.tlog
C:\Users\AT11原田優人\Documents\Git\みそてん\gameProgram\gameProgram\Debug\link-cvtres.write.1.tlog
C:\USERS\AT11原田優人\DOCUMENTS\GIT\みそてん\GAMEPROGRAM\GAMEPROGRAM\DEBUG\LIST.OBJ
C:\USERS\AT11原田優人\DOCUMENTS\GIT\みそてん\GAMEPROGRAM\GAMEPROGRAM\DEBUG\MAIN.OBJ
C:\USERS\AT11原田優人\DOCUMENTS\GIT\みそてん\GAMEPROGRAM\GAMEPROGRAM\DEBUG\MANAGER.OBJ
C:\Users\AT11原田優人\Documents\Git\みそてん\gameProgram\gameProgram\Debug\mt.command.1.tlog
C:\Users\AT11原田優人\Documents\Git\みそてん\gameProgram\gameProgram\Debug\mt.read.1.tlog
C:\Users\AT11原田優人\Documents\Git\みそてん\gameProgram\gameProgram\Debug\mt.write.1.tlog
C:\USERS\AT11原田優人\DOCUMENTS\GIT\みそてん\GAMEPROGRAM\GAMEPROGRAM\DEBUG\OBJECTBASE.OBJ
C:\USERS\AT11原田優人\DOCUMENTS\GIT\みそてん\GAMEPROGRAM\GAMEPROGRAM\DEBUG\OBJECTLIST.OBJ
C:\USERS\AT11原田優人\DOCUMENTS\GIT\みそてん\GAMEPROGRAM\GAMEPROGRAM\DEBUG\PADX.OBJ
C:\USERS\AT11原田優人\DOCUMENTS\GIT\みそてん\GAMEPROGRAM\GAMEPROGRAM\DEBUG\PADXMANAGER.OBJ
C:\USERS\AT11原田優人\DOCUMENTS\GIT\みそてん\GAMEPROGRAM\GAMEPROGRAM\DEBUG\PHASE.OBJ
C:\USERS\AT11原田優人\DOCUMENTS\GIT\みそてん\GAMEPROGRAM\GAMEPROGRAM\DEBUG\POLYGON2D.OBJ
C:\Users\AT11原田優人\Documents\Git\みそてん\gameProgram\gameProgram\Debug\rc.command.1.tlog
C:\Users\AT11原田優人\Documents\Git\みそてん\gameProgram\gameProgram\Debug\rc.read.1.tlog
C:\Users\AT11原田優人\Documents\Git\みそてん\gameProgram\gameProgram\Debug\rc.write.1.tlog
C:\USERS\AT11原田優人\DOCUMENTS\GIT\みそてん\GAMEPROGRAM\GAMEPROGRAM\DEBUG\RENDERER.OBJ
C:\USERS\AT11原田優人\DOCUMENTS\GIT\みそてん\GAMEPROGRAM\GAMEPROGRAM\DEBUG\RESULT.OBJ
C:\USERS\AT11原田優人\DOCUMENTS\GIT\みそてん\GAMEPROGRAM\GAMEPROGRAM\DEBUG\RESULTIMPORT.OBJ
C:\USERS\AT11原田優人\DOCUMENTS\GIT\みそてん\GAMEPROGRAM\GAMEPROGRAM\DEBUG\SHADER.OBJ
C:\USERS\AT11原田優人\DOCUMENTS\GIT\みそてん\GAMEPROGRAM\GAMEPROGRAM\DEBUG\TITLE.OBJ
C:\USERS\AT11原田優人\DOCUMENTS\GIT\みそてん\GAMEPROGRAM\GAMEPROGRAM\DEBUG\TITLEIMPORT.OBJ
C:\USERS\AT11原田優人\DOCUMENTS\GIT\みそてん\GAMEPROGRAM\GAMEPROGRAM\DEBUG\UPDATELIST.OBJ
C:\Users\AT11原田優人\Documents\Git\みそてん\gameProgram\gameProgram\Debug\vc100.idb
C:\USERS\AT11原田優人\DOCUMENTS\GIT\みそてん\GAMEPROGRAM\GAMEPROGRAM\DEBUG\VC100.PDB
C:\USERS\AT11原田優人\DOCUMENTS\GIT\みそてん\GAMEPROGRAM\GAMEPROGRAM\DEBUG\WINDOW.OBJ
