2015/11/18 11:16:41 にビルドを開始しました。
     1>ノード 2 上のプロジェクト "C:\Users\tnbmi\Documents\0未来創造展\program\gameProgram\gameProgram\gameProgram.vcxproj" (build ターゲット)。
     1>PrepareForBuild:
         ディレクトリ "C:\Users\tnbmi\Documents\0未来創造展\program\gameProgram\Debug\" を作成しています。
       InitializeBuildStatus:
         "AlwaysCreate" が指定されたため "Debug\gameProgram.unsuccessfulbuild" を作成しています。
       ClCompile:
         c:\Program Files (x86)\Microsoft Visual Studio 10.0\VC\bin\CL.exe /c /ZI /nologo /W3 /WX- /Od /Oy- /D WIN32 /D _DEBUG /D _WINDOWS /D _MBCS /Gm /EHsc /RTC1 /MDd /GS /fp:precise /Zc:wchar_t /Zc:forScope /Fo"Debug\\" /Fd"Debug\vc100.pdb" /Gd /TP /analyze- /errorReport:prompt manager\effectManager\effectManager.cpp manager\manager.cpp objectBase\fbxModel\fbxModel.cpp objectBase\instancingBillboard\instancingBillboard.cpp objectBase\polygon3D\polygon3D.cpp phase\result\result.cpp phase\title\title.cpp view\camera\camera.cpp
         camera.cpp
         title.cpp
         result.cpp
         polygon3D.cpp
         instancingBillboard.cpp
         fbxModel.cpp
     1>c:\users\tnbmi\documents\0未来創造展\program\gameprogram\gameprogram\objectbase\fbxmodel\fbxmodel.cpp(276): warning C4244: '=' : 'double' から 'float' への変換です。データが失われる可能性があります。
     1>c:\users\tnbmi\documents\0未来創造展\program\gameprogram\gameprogram\objectbase\fbxmodel\fbxmodel.cpp(277): warning C4244: '=' : 'double' から 'float' への変換です。データが失われる可能性があります。
     1>c:\users\tnbmi\documents\0未来創造展\program\gameprogram\gameprogram\objectbase\fbxmodel\fbxmodel.cpp(278): warning C4244: '=' : 'double' から 'float' への変換です。データが失われる可能性があります。
     1>c:\users\tnbmi\documents\0未来創造展\program\gameprogram\gameprogram\objectbase\fbxmodel\fbxmodel.cpp(280): warning C4244: '=' : 'double' から 'float' への変換です。データが失われる可能性があります。
     1>c:\users\tnbmi\documents\0未来創造展\program\gameprogram\gameprogram\objectbase\fbxmodel\fbxmodel.cpp(281): warning C4244: '=' : 'double' から 'float' への変換です。データが失われる可能性があります。
     1>c:\users\tnbmi\documents\0未来創造展\program\gameprogram\gameprogram\objectbase\fbxmodel\fbxmodel.cpp(282): warning C4244: '=' : 'double' から 'float' への変換です。データが失われる可能性があります。
     1>c:\users\tnbmi\documents\0未来創造展\program\gameprogram\gameprogram\objectbase\fbxmodel\fbxmodel.cpp(290): warning C4244: '=' : 'double' から 'float' への変換です。データが失われる可能性があります。
     1>c:\users\tnbmi\documents\0未来創造展\program\gameprogram\gameprogram\objectbase\fbxmodel\fbxmodel.cpp(291): warning C4244: '=' : 'double' から 'float' への変換です。データが失われる可能性があります。
     1>c:\users\tnbmi\documents\0未来創造展\program\gameprogram\gameprogram\objectbase\fbxmodel\fbxmodel.cpp(292): warning C4244: '=' : 'double' から 'float' への変換です。データが失われる可能性があります。
     1>c:\users\tnbmi\documents\0未来創造展\program\gameprogram\gameprogram\objectbase\fbxmodel\fbxmodel.cpp(294): warning C4244: '=' : 'double' から 'float' への変換です。データが失われる可能性があります。
     1>c:\users\tnbmi\documents\0未来創造展\program\gameprogram\gameprogram\objectbase\fbxmodel\fbxmodel.cpp(295): warning C4244: '=' : 'double' から 'float' への変換です。データが失われる可能性があります。
     1>c:\users\tnbmi\documents\0未来創造展\program\gameprogram\gameprogram\objectbase\fbxmodel\fbxmodel.cpp(296): warning C4244: '=' : 'double' から 'float' への変換です。データが失われる可能性があります。
     1>c:\users\tnbmi\documents\0未来創造展\program\gameprogram\gameprogram\objectbase\fbxmodel\fbxmodel.cpp(304): warning C4244: '=' : 'double' から 'float' への変換です。データが失われる可能性があります。
     1>c:\users\tnbmi\documents\0未来創造展\program\gameprogram\gameprogram\objectbase\fbxmodel\fbxmodel.cpp(305): warning C4244: '=' : 'double' から 'float' への変換です。データが失われる可能性があります。
     1>c:\users\tnbmi\documents\0未来創造展\program\gameprogram\gameprogram\objectbase\fbxmodel\fbxmodel.cpp(306): warning C4244: '=' : 'double' から 'float' への変換です。データが失われる可能性があります。
     1>c:\users\tnbmi\documents\0未来創造展\program\gameprogram\gameprogram\objectbase\fbxmodel\fbxmodel.cpp(308): warning C4244: '=' : 'double' から 'float' への変換です。データが失われる可能性があります。
     1>c:\users\tnbmi\documents\0未来創造展\program\gameprogram\gameprogram\objectbase\fbxmodel\fbxmodel.cpp(309): warning C4244: '=' : 'double' から 'float' への変換です。データが失われる可能性があります。
     1>c:\users\tnbmi\documents\0未来創造展\program\gameprogram\gameprogram\objectbase\fbxmodel\fbxmodel.cpp(310): warning C4244: '=' : 'double' から 'float' への変換です。データが失われる可能性があります。
     1>c:\users\tnbmi\documents\0未来創造展\program\gameprogram\gameprogram\objectbase\fbxmodel\fbxmodel.cpp(429): warning C4996: 'fopen': This function or variable may be unsafe. Consider using fopen_s instead. To disable deprecation, use _CRT_SECURE_NO_WARNINGS. See online help for details.
                 c:\program files (x86)\microsoft visual studio 10.0\vc\include\stdio.h(234) : 'fopen' の宣言を確認してください。
     1>c:\users\tnbmi\documents\0未来創造展\program\gameprogram\gameprogram\objectbase\fbxmodel\fbxmodel.cpp(473): warning C4996: 'strcpy': This function or variable may be unsafe. Consider using strcpy_s instead. To disable deprecation, use _CRT_SECURE_NO_WARNINGS. See online help for details.
                 c:\program files (x86)\microsoft visual studio 10.0\vc\include\string.h(105) : 'strcpy' の宣言を確認してください。
     1>c:\users\tnbmi\documents\0未来創造展\program\gameprogram\gameprogram\objectbase\fbxmodel\fbxmodel.cpp(481): warning C4996: 'sprintf': This function or variable may be unsafe. Consider using sprintf_s instead. To disable deprecation, use _CRT_SECURE_NO_WARNINGS. See online help for details.
                 c:\program files (x86)\microsoft visual studio 10.0\vc\include\stdio.h(371) : 'sprintf' の宣言を確認してください。
     1>c:\users\tnbmi\documents\0未来創造展\program\gameprogram\gameprogram\objectbase\fbxmodel\fbxmodel.cpp(578): warning C4244: '引数' : 'double' から 'FLOAT' への変換です。データが失われる可能性があります。
     1>c:\users\tnbmi\documents\0未来創造展\program\gameprogram\gameprogram\objectbase\fbxmodel\fbxmodel.cpp(578): warning C4244: '引数' : 'double' から 'FLOAT' への変換です。データが失われる可能性があります。
     1>c:\users\tnbmi\documents\0未来創造展\program\gameprogram\gameprogram\objectbase\fbxmodel\fbxmodel.cpp(578): warning C4244: '引数' : 'double' から 'FLOAT' への変換です。データが失われる可能性があります。
     1>c:\users\tnbmi\documents\0未来創造展\program\gameprogram\gameprogram\objectbase\fbxmodel\fbxmodel.cpp(579): warning C4244: '引数' : 'double' から 'FLOAT' への変換です。データが失われる可能性があります。
     1>c:\users\tnbmi\documents\0未来創造展\program\gameprogram\gameprogram\objectbase\fbxmodel\fbxmodel.cpp(579): warning C4244: '引数' : 'double' から 'FLOAT' への変換です。データが失われる可能性があります。
     1>c:\users\tnbmi\documents\0未来創造展\program\gameprogram\gameprogram\objectbase\fbxmodel\fbxmodel.cpp(579): warning C4244: '引数' : 'double' から 'FLOAT' への変換です。データが失われる可能性があります。
     1>c:\users\tnbmi\documents\0未来創造展\program\gameprogram\gameprogram\objectbase\fbxmodel\fbxmodel.cpp(580): warning C4244: '引数' : 'double' から 'FLOAT' への変換です。データが失われる可能性があります。
     1>c:\users\tnbmi\documents\0未来創造展\program\gameprogram\gameprogram\objectbase\fbxmodel\fbxmodel.cpp(580): warning C4244: '引数' : 'double' から 'FLOAT' への変換です。データが失われる可能性があります。
     1>c:\users\tnbmi\documents\0未来創造展\program\gameprogram\gameprogram\objectbase\fbxmodel\fbxmodel.cpp(581): warning C4244: '引数' : 'double' から 'FLOAT' への変換です。データが失われる可能性があります。
     1>c:\users\tnbmi\documents\0未来創造展\program\gameprogram\gameprogram\objectbase\fbxmodel\fbxmodel.cpp(581): warning C4244: '引数' : 'double' から 'FLOAT' への変換です。データが失われる可能性があります。
     1>c:\users\tnbmi\documents\0未来創造展\program\gameprogram\gameprogram\objectbase\fbxmodel\fbxmodel.cpp(581): warning C4244: '引数' : 'double' から 'FLOAT' への変換です。データが失われる可能性があります。
     1>c:\users\tnbmi\documents\0未来創造展\program\gameprogram\gameprogram\objectbase\fbxmodel\fbxmodel.cpp(581): warning C4244: '引数' : 'double' から 'FLOAT' への変換です。データが失われる可能性があります。
     1>c:\users\tnbmi\documents\0未来創造展\program\gameprogram\gameprogram\objectbase\fbxmodel\fbxmodel.cpp(582): warning C4244: '引数' : 'double' から 'FLOAT' への変換です。データが失われる可能性があります。
     1>c:\users\tnbmi\documents\0未来創造展\program\gameprogram\gameprogram\objectbase\fbxmodel\fbxmodel.cpp(582): warning C4244: '引数' : 'double' から 'FLOAT' への変換です。データが失われる可能性があります。
     1>c:\users\tnbmi\documents\0未来創造展\program\gameprogram\gameprogram\objectbase\fbxmodel\fbxmodel.cpp(582): warning C4244: '引数' : 'double' から 'FLOAT' への変換です。データが失われる可能性があります。
     1>c:\users\tnbmi\documents\0未来創造展\program\gameprogram\gameprogram\objectbase\fbxmodel\fbxmodel.cpp(582): warning C4244: '引数' : 'double' から 'FLOAT' への変換です。データが失われる可能性があります。
     1>c:\users\tnbmi\documents\0未来創造展\program\gameprogram\gameprogram\objectbase\fbxmodel\fbxmodel.cpp(688): warning C4244: '引数' : 'double' から 'FLOAT' への変換です。データが失われる可能性があります。
     1>c:\users\tnbmi\documents\0未来創造展\program\gameprogram\gameprogram\objectbase\fbxmodel\fbxmodel.cpp(688): warning C4244: '引数' : 'double' から 'FLOAT' への変換です。データが失われる可能性があります。
     1>c:\users\tnbmi\documents\0未来創造展\program\gameprogram\gameprogram\objectbase\fbxmodel\fbxmodel.cpp(688): warning C4244: '引数' : 'double' から 'FLOAT' への変換です。データが失われる可能性があります。
     1>c:\users\tnbmi\documents\0未来創造展\program\gameprogram\gameprogram\objectbase\fbxmodel\fbxmodel.cpp(688): warning C4244: '引数' : 'double' から 'FLOAT' への変換です。データが失われる可能性があります。
     1>c:\users\tnbmi\documents\0未来創造展\program\gameprogram\gameprogram\objectbase\fbxmodel\fbxmodel.cpp(689): warning C4244: '引数' : 'double' から 'FLOAT' への変換です。データが失われる可能性があります。
     1>c:\users\tnbmi\documents\0未来創造展\program\gameprogram\gameprogram\objectbase\fbxmodel\fbxmodel.cpp(689): warning C4244: '引数' : 'double' から 'FLOAT' への変換です。データが失われる可能性があります。
     1>c:\users\tnbmi\documents\0未来創造展\program\gameprogram\gameprogram\objectbase\fbxmodel\fbxmodel.cpp(689): warning C4244: '引数' : 'double' から 'FLOAT' への変換です。データが失われる可能性があります。
     1>c:\users\tnbmi\documents\0未来創造展\program\gameprogram\gameprogram\objectbase\fbxmodel\fbxmodel.cpp(690): warning C4244: '引数' : 'double' から 'FLOAT' への変換です。データが失われる可能性があります。
     1>c:\users\tnbmi\documents\0未来創造展\program\gameprogram\gameprogram\objectbase\fbxmodel\fbxmodel.cpp(690): warning C4244: '引数' : 'double' から 'FLOAT' への変換です。データが失われる可能性があります。
     1>c:\users\tnbmi\documents\0未来創造展\program\gameprogram\gameprogram\objectbase\fbxmodel\fbxmodel.cpp(690): warning C4244: '引数' : 'double' から 'FLOAT' への変換です。データが失われる可能性があります。
     1>c:\users\tnbmi\documents\0未来創造展\program\gameprogram\gameprogram\objectbase\fbxmodel\fbxmodel.cpp(447): warning C4101: 'is_use' : ローカル変数は 1 度も使われていません。
         manager.cpp
         effectManager.cpp
     1>c:\users\tnbmi\documents\0未来創造展\program\gameprogram\gameprogram\manager\effectmanager\effectmanager.cpp(123): warning C4244: '引数' : 'int' から 'float' への変換です。データが失われる可能性があります。
     1>c:\users\tnbmi\documents\0未来創造展\program\gameprogram\gameprogram\manager\effectmanager\effectmanager.cpp(124): warning C4244: '引数' : 'int' から 'float' への変換です。データが失われる可能性があります。
     1>c:\users\tnbmi\documents\0未来創造展\program\gameprogram\gameprogram\manager\effectmanager\effectmanager.cpp(125): warning C4244: '引数' : 'int' から 'float' への変換です。データが失われる可能性があります。
     1>c:\users\tnbmi\documents\0未来創造展\program\gameprogram\gameprogram\manager\effectmanager\effectmanager.cpp(128): warning C4244: '引数' : 'int' から 'float' への変換です。データが失われる可能性があります。
     1>c:\users\tnbmi\documents\0未来創造展\program\gameprogram\gameprogram\manager\effectmanager\effectmanager.cpp(129): warning C4244: '引数' : 'int' から 'float' への変換です。データが失われる可能性があります。
     1>c:\users\tnbmi\documents\0未来創造展\program\gameprogram\gameprogram\manager\effectmanager\effectmanager.cpp(130): warning C4244: '引数' : 'int' から 'float' への変換です。データが失われる可能性があります。
     1>c:\users\tnbmi\documents\0未来創造展\program\gameprogram\gameprogram\manager\effectmanager\effectmanager.cpp(134): warning C4244: '引数' : 'int' から 'float' への変換です。データが失われる可能性があります。
     1>c:\users\tnbmi\documents\0未来創造展\program\gameprogram\gameprogram\manager\effectmanager\effectmanager.cpp(135): warning C4244: '引数' : 'int' から 'float' への変換です。データが失われる可能性があります。
     1>c:\users\tnbmi\documents\0未来創造展\program\gameprogram\gameprogram\manager\effectmanager\effectmanager.cpp(136): warning C4244: '引数' : 'int' から 'float' への変換です。データが失われる可能性があります。
     1>c:\users\tnbmi\documents\0未来創造展\program\gameprogram\gameprogram\manager\effectmanager\effectmanager.cpp(140): warning C4244: '引数' : 'int' から 'float' への変換です。データが失われる可能性があります。
     1>c:\users\tnbmi\documents\0未来創造展\program\gameprogram\gameprogram\manager\effectmanager\effectmanager.cpp(141): warning C4244: '引数' : 'int' から 'float' への変換です。データが失われる可能性があります。
     1>c:\users\tnbmi\documents\0未来創造展\program\gameprogram\gameprogram\manager\effectmanager\effectmanager.cpp(142): warning C4244: '引数' : 'int' から 'float' への変換です。データが失われる可能性があります。
     1>c:\users\tnbmi\documents\0未来創造展\program\gameprogram\gameprogram\manager\effectmanager\effectmanager.cpp(150): warning C4244: '=' : 'int' から 'float' への変換です。データが失われる可能性があります。
     1>c:\users\tnbmi\documents\0未来創造展\program\gameprogram\gameprogram\manager\effectmanager\effectmanager.cpp(166): warning C4244: '=' : 'float' から 'int' への変換です。データが失われる可能性があります。
     1>c:\users\tnbmi\documents\0未来創造展\program\gameprogram\gameprogram\manager\effectmanager\effectmanager.cpp(267): warning C4244: '=' : 'const int' から 'float' への変換です。データが失われる可能性があります。
     1>c:\users\tnbmi\documents\0未来創造展\program\gameprogram\gameprogram\manager\effectmanager\effectmanager.cpp(271): warning C4244: '=' : 'const int' から 'FLOAT' への変換です。データが失われる可能性があります。
     1>c:\users\tnbmi\documents\0未来創造展\program\gameprogram\gameprogram\manager\effectmanager\effectmanager.cpp(272): warning C4244: '=' : 'const int' から 'FLOAT' への変換です。データが失われる可能性があります。
     1>c:\users\tnbmi\documents\0未来創造展\program\gameprogram\gameprogram\manager\effectmanager\effectmanager.cpp(382): warning C4996: 'fopen': This function or variable may be unsafe. Consider using fopen_s instead. To disable deprecation, use _CRT_SECURE_NO_WARNINGS. See online help for details.
                 c:\program files (x86)\microsoft visual studio 10.0\vc\include\stdio.h(234) : 'fopen' の宣言を確認してください。
     1>c:\users\tnbmi\documents\0未来創造展\program\gameprogram\gameprogram\manager\effectmanager\effectmanager.cpp(439): warning C4244: '=' : 'int' から 'float' への変換です。データが失われる可能性があります。
     1>c:\users\tnbmi\documents\0未来創造展\program\gameprogram\gameprogram\manager\effectmanager\effectmanager.cpp(440): warning C4244: '=' : 'float' から 'int' への変換です。データが失われる可能性があります。
         コードを生成中...
       ManifestResourceCompile:
         c:\Program Files (x86)\Microsoft SDKs\Windows\v7.0A\bin\rc.exe /nologo /fo"Debug\gameProgram.exe.embed.manifest.res" Debug\gameProgram_manifest.rc 
       Link:
         c:\Program Files (x86)\Microsoft Visual Studio 10.0\VC\bin\link.exe /ERRORREPORT:PROMPT /OUT:"C:\Users\tnbmi\Documents\0未来創造展\program\gameProgram\Debug\gameProgram.exe" /INCREMENTAL /NOLOGO kernel32.lib user32.lib gdi32.lib winspool.lib comdlg32.lib advapi32.lib shell32.lib ole32.lib oleaut32.lib uuid.lib odbc32.lib odbccp32.lib /MANIFEST /ManifestFile:"Debug\gameProgram.exe.intermediate.manifest" /MANIFESTUAC:"level='asInvoker' uiAccess='false'" /DEBUG /PDB:"C:\Users\tnbmi\Documents\0未来創造展\program\gameProgram\Debug\gameProgram.pdb" /SUBSYSTEM:WINDOWS /TLBID:1 /DYNAMICBASE /NXCOMPAT /IMPLIB:"C:\Users\tnbmi\Documents\0未来創造展\program\gameProgram\Debug\gameProgram.lib" /MACHINE:X86 Debug\gameProgram.exe.embed.manifest.res
         Debug\commandmanager.obj
         Debug\commandteam.obj
         Debug\debugproc.obj
         Debug\demoImport.obj
         Debug\gameImport.obj
         Debug\import.obj
         Debug\resultImport.obj
         Debug\titleImport.obj
         Debug\keyboard.obj
         Debug\padX.obj
         Debug\padXManager.obj
         Debug\drawList.obj
         Debug\drawListManager.obj
         Debug\list.obj
         Debug\objectList.obj
         Debug\updateList.obj
         Debug\main.obj
         Debug\window.obj
         Debug\effectManager.obj
         Debug\manager.obj
         Debug\fbxModel.obj
         Debug\instancingBillboard.obj
         Debug\objectBase.obj
         Debug\polygon2D.obj
         Debug\polygon3D.obj
         Debug\demo.obj
         Debug\game.obj
         Debug\phase.obj
         Debug\result.obj
         Debug\title.obj
         Debug\renderer.obj
         Debug\shader.obj
         Debug\camera.obj
       Manifest:
         c:\Program Files (x86)\Microsoft SDKs\Windows\v7.0A\bin\mt.exe /nologo /verbose /out:"Debug\gameProgram.exe.embed.manifest" /manifest Debug\gameProgram.exe.intermediate.manifest
         すべての出力が最新のものです。
       LinkEmbedManifest:
         すべての出力が最新のものです。
         gameProgram.vcxproj -> C:\Users\tnbmi\Documents\0未来創造展\program\gameProgram\Debug\gameProgram.exe
       FinalizeBuildStatus:
         ファイル "Debug\gameProgram.unsuccessfulbuild" を削除しています。
         "Debug\gameProgram.lastbuildstate" のタッチ タスクを実行しています。
     1>プロジェクト "C:\Users\tnbmi\Documents\0未来創造展\program\gameProgram\gameProgram\gameProgram.vcxproj" (build ターゲット) のビルドが完了しました。

ビルドに成功しました。

経過時間 00:00:07.78
